<?xml version="1.0" encoding="UTF-8"?>
<testng-results ignored="0" total="1" passed="1" failed="0" skipped="0">
  <reporter-output>
  </reporter-output>
  <suite started-at="2020-05-18T21:01:31 IST" name="Default suite" finished-at="2020-05-18T21:01:45 IST" duration-ms="13916">
    <groups>
      <group name="cucumber">
        <method signature="AbstractTestNGCucumberTests.runScenario(io.cucumber.testng.PickleWrapper, io.cucumber.testng.FeatureWrapper)[pri:0, instance:com.runner.runner1@147ed70f]" name="runScenario" class="io.cucumber.testng.AbstractTestNGCucumberTests"/>
      </group> <!-- cucumber -->
    </groups>
    <test started-at="2020-05-18T21:01:31 IST" name="Default test" finished-at="2020-05-18T21:01:45 IST" duration-ms="13916">
      <class name="com.runner.runner1">
        <test-method is-config="true" signature="setUpClass()[pri:0, instance:com.runner.runner1@147ed70f]" started-at="2020-05-18T21:01:31 IST" name="setUpClass" finished-at="2020-05-18T21:01:31 IST" duration-ms="434" status="PASS">
          <reporter-output>
          </reporter-output>
        </test-method> <!-- setUpClass -->
        <test-method signature="runScenario(io.cucumber.testng.PickleWrapper, io.cucumber.testng.FeatureWrapper)[pri:0, instance:com.runner.runner1@147ed70f]" started-at="2020-05-18T21:01:31 IST" name="runScenario" description="Runs Cucumber Scenarios" data-provider="scenarios" finished-at="2020-05-18T21:01:44 IST" duration-ms="13119" status="PASS">
          <params>
            <param index="0">
              <value>
                <![CDATA["login with valid data"]]>
              </value>
            </param>
            <param index="1">
              <value>
                <![CDATA["FlipKart login validation"]]>
              </value>
            </param>
          </params>
          <reporter-output>
          </reporter-output>
        </test-method> <!-- runScenario -->
        <test-method is-config="true" signature="tearDownClass()[pri:0, instance:com.runner.runner1@147ed70f]" started-at="2020-05-18T21:01:44 IST" name="tearDownClass" finished-at="2020-05-18T21:01:45 IST" duration-ms="308" status="PASS">
          <reporter-output>
          </reporter-output>
        </test-method> <!-- tearDownClass -->
      </class> <!-- com.runner.runner1 -->
    </test> <!-- Default test -->
  </suite> <!-- Default suite -->
</testng-results>
